# JRE version: OpenJDK Runtime Environment Corretto-11.0.24.8.1 (11.0.24+8) (build 11.0.24+8-LTS)
# Java VM: OpenJDK 64-Bit Server VM Corretto-11.0.24.8.1 (11.0.24+8-LTS, mixed mode, tiered, compressed oops, g1 gc, windows-amd64)
Heap:
 garbage-first heap   total 131072K, used 40449K [0x0000000081a00000, 0x0000000100000000)
  region size 1024K, 9 young (9216K), 7 survivors (7168K)
 Metaspace       used 75389K, capacity 77817K, committed 78000K, reserved 1118208K
  class space    used 8895K, capacity 9875K, committed 9984K, reserved 1048576K
GC Heap History (20 events):
Event: 8.269 GC heap before
{Heap before GC invocations=6 (full 0):
 garbage-first heap   total 131072K, used 78723K [0x0000000081a00000, 0x0000000100000000)
  region size 1024K, 71 young (72704K), 5 survivors (5120K)
 Metaspace       used 31528K, capacity 32280K, committed 32560K, reserved 1077248K
  class space    used 3610K, capacity 3898K, committed 3968K, reserved 1048576K
}
Event: 8.280 GC heap after
{Heap after GC invocations=7 (full 0):
 garbage-first heap   total 131072K, used 14128K [0x0000000081a00000, 0x0000000100000000)
  region size 1024K, 8 young (8192K), 8 survivors (8192K)
 Metaspace       used 31528K, capacity 32280K, committed 32560K, reserved 1077248K
  class space    used 3610K, capacity 3898K, committed 3968K, reserved 1048576K
}
Event: 10.124 GC heap before
{Heap before GC invocations=7 (full 0):
 garbage-first heap   total 131072K, used 63280K [0x0000000081a00000, 0x0000000100000000)
  region size 1024K, 57 young (58368K), 8 survivors (8192K)
 Metaspace       used 34683K, capacity 35500K, committed 35632K, reserved 1081344K
  class space    used 4038K, capacity 4386K, committed 4480K, reserved 1048576K
}
Event: 10.151 GC heap after
{Heap after GC invocations=8 (full 0):
 garbage-first heap   total 131072K, used 15796K [0x0000000081a00000, 0x0000000100000000)
  region size 1024K, 7 young (7168K), 7 survivors (7168K)
 Metaspace       used 34683K, capacity 35500K, committed 35632K, reserved 1081344K
  class space    used 4038K, capacity 4386K, committed 4480K, reserved 1048576K
}
Event: 15.813 GC heap before
{Heap before GC invocations=9 (full 0):
 garbage-first heap   total 131072K, used 86452K [0x0000000081a00000, 0x0000000100000000)
  region size 1024K, 76 young (77824K), 7 survivors (7168K)
 Metaspace       used 43857K, capacity 44982K, committed 45232K, reserved 1089536K
  class space    used 5146K, capacity 5611K, committed 5632K, reserved 1048576K
}
Event: 15.827 GC heap after
{Heap after GC invocations=10 (full 0):
 garbage-first heap   total 131072K, used 19727K [0x0000000081a00000, 0x0000000100000000)
  region size 1024K, 9 young (9216K), 9 survivors (9216K)
 Metaspace       used 43857K, capacity 44982K, committed 45232K, reserved 1089536K
  class space    used 5146K, capacity 5611K, committed 5632K, reserved 1048576K
}
Event: 17.490 GC heap before
{Heap before GC invocations=10 (full 0):
 garbage-first heap   total 131072K, used 88335K [0x0000000081a00000, 0x0000000100000000)
  region size 1024K, 76 young (77824K), 9 survivors (9216K)
 Metaspace       used 49402K, capacity 50647K, committed 50864K, reserved 1093632K
  class space    used 5806K, capacity 6322K, committed 6400K, reserved 1048576K
}
Event: 17.505 GC heap after
{Heap after GC invocations=11 (full 0):
 garbage-first heap   total 131072K, used 22096K [0x0000000081a00000, 0x0000000100000000)
  region size 1024K, 7 young (7168K), 7 survivors (7168K)
 Metaspace       used 49402K, capacity 50647K, committed 50864K, reserved 1093632K
  class space    used 5806K, capacity 6322K, committed 6400K, reserved 1048576K
}
Event: 18.732 GC heap before
{Heap before GC invocations=11 (full 0):
 garbage-first heap   total 131072K, used 92752K [0x0000000081a00000, 0x0000000100000000)
  region size 1024K, 76 young (77824K), 7 survivors (7168K)
 Metaspace       used 51372K, capacity 52688K, committed 52912K, reserved 1095680K
  class space    used 6047K, capacity 6571K, committed 6656K, reserved 1048576K
}
Event: 18.748 GC heap after
{Heap after GC invocations=12 (full 0):
 garbage-first heap   total 131072K, used 23885K [0x0000000081a00000, 0x0000000100000000)
  region size 1024K, 5 young (5120K), 5 survivors (5120K)
 Metaspace       used 51372K, capacity 52688K, committed 52912K, reserved 1095680K
  class space    used 6047K, capacity 6571K, committed 6656K, reserved 1048576K
}
Event: 20.739 GC heap before
{Heap before GC invocations=12 (full 0):
 garbage-first heap   total 131072K, used 96589K [0x0000000081a00000, 0x0000000100000000)
  region size 1024K, 76 young (77824K), 5 survivors (5120K)
 Metaspace       used 56439K, capacity 57884K, committed 58032K, reserved 1099776K
  class space    used 6609K, capacity 7165K, committed 7168K, reserved 1048576K
}
Event: 20.752 GC heap after
{Heap after GC invocations=13 (full 0):
 garbage-first heap   total 131072K, used 28577K [0x0000000081a00000, 0x0000000100000000)
  region size 1024K, 9 young (9216K), 9 survivors (9216K)
 Metaspace       used 56439K, capacity 57884K, committed 58032K, reserved 1099776K
  class space    used 6609K, capacity 7165K, committed 7168K, reserved 1048576K
}
Event: 21.184 GC heap before
{Heap before GC invocations=13 (full 0):
 garbage-first heap   total 131072K, used 52129K [0x0000000081a00000, 0x0000000100000000)
  region size 1024K, 33 young (33792K), 9 survivors (9216K)
 Metaspace       used 58070K, capacity 59651K, committed 59816K, reserved 1101824K
  class space    used 6861K, capacity 7500K, committed 7552K, reserved 1048576K
}
Event: 21.197 GC heap after
{Heap after GC invocations=14 (full 0):
 garbage-first heap   total 131072K, used 30388K [0x0000000081a00000, 0x0000000100000000)
  region size 1024K, 7 young (7168K), 7 survivors (7168K)
 Metaspace       used 58070K, capacity 59651K, committed 59816K, reserved 1101824K
  class space    used 6861K, capacity 7500K, committed 7552K, reserved 1048576K
}
Event: 22.935 GC heap before
{Heap before GC invocations=15 (full 0):
 garbage-first heap   total 131072K, used 95924K [0x0000000081a00000, 0x0000000100000000)
  region size 1024K, 71 young (72704K), 7 survivors (7168K)
 Metaspace       used 61912K, capacity 64003K, committed 64304K, reserved 1105920K
  class space    used 7403K, capacity 8224K, committed 8320K, reserved 1048576K
}
Event: 22.951 GC heap after
{Heap after GC invocations=16 (full 0):
 garbage-first heap   total 131072K, used 32826K [0x0000000081a00000, 0x0000000100000000)
  region size 1024K, 5 young (5120K), 5 survivors (5120K)
 Metaspace       used 61912K, capacity 64003K, committed 64304K, reserved 1105920K
  class space    used 7403K, capacity 8224K, committed 8320K, reserved 1048576K
}
Event: 27.844 GC heap before
{Heap before GC invocations=16 (full 0):
 garbage-first heap   total 131072K, used 98362K [0x0000000081a00000, 0x0000000100000000)
  region size 1024K, 69 young (70656K), 5 survivors (5120K)
 Metaspace       used 64132K, capacity 66346K, committed 66608K, reserved 1107968K
  class space    used 7603K, capacity 8482K, committed 8576K, reserved 1048576K
}
Event: 27.858 GC heap after
{Heap after GC invocations=17 (full 0):
 garbage-first heap   total 131072K, used 34710K [0x0000000081a00000, 0x0000000100000000)
  region size 1024K, 7 young (7168K), 7 survivors (7168K)
 Metaspace       used 64132K, capacity 66346K, committed 66608K, reserved 1107968K
  class space    used 7603K, capacity 8482K, committed 8576K, reserved 1048576K
}
Event: 53.123 GC heap before
{Heap before GC invocations=17 (full 0):
 garbage-first heap   total 131072K, used 99222K [0x0000000081a00000, 0x0000000100000000)
  region size 1024K, 71 young (72704K), 7 survivors (7168K)
 Metaspace       used 75300K, capacity 77809K, committed 78000K, reserved 1118208K
  class space    used 8894K, capacity 9874K, committed 9984K, reserved 1048576K
}
Event: 53.140 GC heap after
{Heap after GC invocations=18 (full 0):
 garbage-first heap   total 131072K, used 39425K [0x0000000081a00000, 0x0000000100000000)
  region size 1024K, 7 young (7168K), 7 survivors (7168K)
 Metaspace       used 75300K, capacity 77809K, committed 78000K, reserved 1118208K
  class space    used 8894K, capacity 9874K, committed 9984K, reserved 1048576K
}

