# JRE version: OpenJDK Runtime Environment Corretto-11.0.24.8.1 (11.0.24+8) (build 11.0.24+8-LTS)
# Java VM: OpenJDK 64-Bit Server VM Corretto-11.0.24.8.1 (11.0.24+8-LTS, mixed mode, tiered, compressed oops, g1 gc, windows-amd64)
Heap:
 garbage-first heap   total 189440K, used 132476K [0x0000000081a00000, 0x0000000100000000)
  region size 1024K, 90 young (92160K), 2 survivors (2048K)
 Metaspace       used 82421K, capacity 85271K, committed 85456K, reserved 1124352K
  class space    used 9376K, capacity 10468K, committed 10496K, reserved 1048576K
GC Heap History (20 events):
Event: 5820.519 GC heap before
{Heap before GC invocations=39 (full 0):
 garbage-first heap   total 189440K, used 154310K [0x0000000081a00000, 0x0000000100000000)
  region size 1024K, 111 young (113664K), 2 survivors (2048K)
 Metaspace       used 81034K, capacity 83882K, committed 84048K, reserved 1122304K
  class space    used 9283K, capacity 10340K, committed 10368K, reserved 1048576K
}
Event: 5820.521 GC heap after
{Heap after GC invocations=40 (full 0):
 garbage-first heap   total 189440K, used 42553K [0x0000000081a00000, 0x0000000100000000)
  region size 1024K, 1 young (1024K), 1 survivors (1024K)
 Metaspace       used 81034K, capacity 83882K, committed 84048K, reserved 1122304K
  class space    used 9283K, capacity 10340K, committed 10368K, reserved 1048576K
}
Event: 6087.987 GC heap before
{Heap before GC invocations=40 (full 0):
 garbage-first heap   total 189440K, used 155193K [0x0000000081a00000, 0x0000000100000000)
  region size 1024K, 111 young (113664K), 1 survivors (1024K)
 Metaspace       used 81034K, capacity 83882K, committed 84048K, reserved 1122304K
  class space    used 9283K, capacity 10340K, committed 10368K, reserved 1048576K
}
Event: 6087.988 GC heap after
{Heap after GC invocations=41 (full 0):
 garbage-first heap   total 189440K, used 42302K [0x0000000081a00000, 0x0000000100000000)
  region size 1024K, 1 young (1024K), 1 survivors (1024K)
 Metaspace       used 81034K, capacity 83882K, committed 84048K, reserved 1122304K
  class space    used 9283K, capacity 10340K, committed 10368K, reserved 1048576K
}
Event: 6356.718 GC heap before
{Heap before GC invocations=41 (full 0):
 garbage-first heap   total 189440K, used 154942K [0x0000000081a00000, 0x0000000100000000)
  region size 1024K, 111 young (113664K), 1 survivors (1024K)
 Metaspace       used 81034K, capacity 83882K, committed 84048K, reserved 1122304K
  class space    used 9283K, capacity 10340K, committed 10368K, reserved 1048576K
}
Event: 6356.719 GC heap after
{Heap after GC invocations=42 (full 0):
 garbage-first heap   total 189440K, used 42363K [0x0000000081a00000, 0x0000000100000000)
  region size 1024K, 1 young (1024K), 1 survivors (1024K)
 Metaspace       used 81034K, capacity 83882K, committed 84048K, reserved 1122304K
  class space    used 9283K, capacity 10340K, committed 10368K, reserved 1048576K
}
Event: 6625.497 GC heap before
{Heap before GC invocations=42 (full 0):
 garbage-first heap   total 189440K, used 155003K [0x0000000081a00000, 0x0000000100000000)
  region size 1024K, 111 young (113664K), 1 survivors (1024K)
 Metaspace       used 81034K, capacity 83882K, committed 84048K, reserved 1122304K
  class space    used 9283K, capacity 10340K, committed 10368K, reserved 1048576K
}
Event: 6625.498 GC heap after
{Heap after GC invocations=43 (full 0):
 garbage-first heap   total 189440K, used 42365K [0x0000000081a00000, 0x0000000100000000)
  region size 1024K, 1 young (1024K), 1 survivors (1024K)
 Metaspace       used 81034K, capacity 83882K, committed 84048K, reserved 1122304K
  class space    used 9283K, capacity 10340K, committed 10368K, reserved 1048576K
}
Event: 6893.105 GC heap before
{Heap before GC invocations=43 (full 0):
 garbage-first heap   total 189440K, used 155005K [0x0000000081a00000, 0x0000000100000000)
  region size 1024K, 111 young (113664K), 1 survivors (1024K)
 Metaspace       used 81035K, capacity 83882K, committed 84048K, reserved 1122304K
  class space    used 9283K, capacity 10340K, committed 10368K, reserved 1048576K
}
Event: 6893.106 GC heap after
{Heap after GC invocations=44 (full 0):
 garbage-first heap   total 189440K, used 42310K [0x0000000081a00000, 0x0000000100000000)
  region size 1024K, 1 young (1024K), 1 survivors (1024K)
 Metaspace       used 81035K, capacity 83882K, committed 84048K, reserved 1122304K
  class space    used 9283K, capacity 10340K, committed 10368K, reserved 1048576K
}
Event: 7146.594 GC heap before
{Heap before GC invocations=44 (full 0):
 garbage-first heap   total 189440K, used 154950K [0x0000000081a00000, 0x0000000100000000)
  region size 1024K, 111 young (113664K), 1 survivors (1024K)
 Metaspace       used 81050K, capacity 83882K, committed 84048K, reserved 1122304K
  class space    used 9284K, capacity 10340K, committed 10368K, reserved 1048576K
}
Event: 7146.595 GC heap after
{Heap after GC invocations=45 (full 0):
 garbage-first heap   total 189440K, used 42547K [0x0000000081a00000, 0x0000000100000000)
  region size 1024K, 1 young (1024K), 1 survivors (1024K)
 Metaspace       used 81050K, capacity 83882K, committed 84048K, reserved 1122304K
  class space    used 9284K, capacity 10340K, committed 10368K, reserved 1048576K
}
Event: 7408.003 GC heap before
{Heap before GC invocations=45 (full 0):
 garbage-first heap   total 189440K, used 155187K [0x0000000081a00000, 0x0000000100000000)
  region size 1024K, 111 young (113664K), 1 survivors (1024K)
 Metaspace       used 81069K, capacity 83882K, committed 84048K, reserved 1122304K
  class space    used 9284K, capacity 10340K, committed 10368K, reserved 1048576K
}
Event: 7408.005 GC heap after
{Heap after GC invocations=46 (full 0):
 garbage-first heap   total 189440K, used 42569K [0x0000000081a00000, 0x0000000100000000)
  region size 1024K, 1 young (1024K), 1 survivors (1024K)
 Metaspace       used 81069K, capacity 83882K, committed 84048K, reserved 1122304K
  class space    used 9284K, capacity 10340K, committed 10368K, reserved 1048576K
}
Event: 7673.482 GC heap before
{Heap before GC invocations=46 (full 0):
 garbage-first heap   total 189440K, used 155209K [0x0000000081a00000, 0x0000000100000000)
  region size 1024K, 111 young (113664K), 1 survivors (1024K)
 Metaspace       used 81072K, capacity 83882K, committed 84048K, reserved 1122304K
  class space    used 9284K, capacity 10340K, committed 10368K, reserved 1048576K
}
Event: 7673.486 GC heap after
{Heap after GC invocations=47 (full 0):
 garbage-first heap   total 189440K, used 42482K [0x0000000081a00000, 0x0000000100000000)
  region size 1024K, 1 young (1024K), 1 survivors (1024K)
 Metaspace       used 81072K, capacity 83882K, committed 84048K, reserved 1122304K
  class space    used 9284K, capacity 10340K, committed 10368K, reserved 1048576K
}
Event: 7883.848 GC heap before
{Heap before GC invocations=47 (full 0):
 garbage-first heap   total 189440K, used 155122K [0x0000000081a00000, 0x0000000100000000)
  region size 1024K, 111 young (113664K), 1 survivors (1024K)
 Metaspace       used 81479K, capacity 84306K, committed 84432K, reserved 1124352K
  class space    used 9303K, capacity 10372K, committed 10496K, reserved 1048576K
}
Event: 7883.851 GC heap after
{Heap after GC invocations=48 (full 0):
 garbage-first heap   total 189440K, used 43022K [0x0000000081a00000, 0x0000000100000000)
  region size 1024K, 2 young (2048K), 2 survivors (2048K)
 Metaspace       used 81479K, capacity 84306K, committed 84432K, reserved 1124352K
  class space    used 9303K, capacity 10372K, committed 10496K, reserved 1048576K
}
Event: 8098.069 GC heap before
{Heap before GC invocations=48 (full 0):
 garbage-first heap   total 189440K, used 154638K [0x0000000081a00000, 0x0000000100000000)
  region size 1024K, 111 young (113664K), 2 survivors (2048K)
 Metaspace       used 81848K, capacity 84727K, committed 84944K, reserved 1124352K
  class space    used 9331K, capacity 10417K, committed 10496K, reserved 1048576K
}
Event: 8098.071 GC heap after
{Heap after GC invocations=49 (full 0):
 garbage-first heap   total 189440K, used 43388K [0x0000000081a00000, 0x0000000100000000)
  region size 1024K, 2 young (2048K), 2 survivors (2048K)
 Metaspace       used 81848K, capacity 84727K, committed 84944K, reserved 1124352K
  class space    used 9331K, capacity 10417K, committed 10496K, reserved 1048576K
}

